2025-07-05 17:44:57,678 [INFO] Installing attrs==23.2.0
2025-07-05 17:45:00,935 [INFO] 成功: attrs==23.2.0
2025-07-05 17:45:00,935 [INFO] Installing blinker==1.7.0
2025-07-05 17:45:03,621 [INFO] 成功: blinker==1.7.0
2025-07-05 17:45:03,621 [INFO] Installing certifi==2023.11.17
2025-07-05 17:45:06,473 [INFO] 成功: certifi==2023.11.17
2025-07-05 17:45:06,473 [INFO] Installing chardet==5.2.0
2025-07-05 17:45:09,703 [INFO] 成功: chardet==5.2.0
2025-07-05 17:45:09,704 [INFO] Installing click==8.1.6
2025-07-05 17:45:12,664 [INFO] 成功: click==8.1.6
2025-07-05 17:45:12,665 [INFO] Installing idna==3.6
2025-07-05 17:45:15,608 [INFO] 成功: idna==3.6
2025-07-05 17:45:15,608 [INFO] Installing Jinja2==3.1.2
2025-07-05 17:45:18,609 [INFO] 成功: Jinja2==3.1.2
2025-07-05 17:45:18,609 [INFO] Installing jsonpatch==1.32
2025-07-05 17:45:21,507 [INFO] 成功: jsonpatch==1.32
2025-07-05 17:45:21,507 [INFO] Installing jsonpointer==2.0
2025-07-05 17:45:24,250 [INFO] 成功: jsonpointer==2.0
2025-07-05 17:45:24,250 [INFO] Installing jsonschema==4.10.3
2025-07-05 17:45:27,755 [INFO] 成功: jsonschema==4.10.3
2025-07-05 17:45:27,755 [INFO] Installing markdown-it-py==3.0.0
2025-07-05 17:45:30,778 [INFO] 成功: markdown-it-py==3.0.0
2025-07-05 17:45:30,779 [INFO] Installing MarkupSafe==2.1.5
2025-07-05 17:45:34,012 [INFO] 成功: MarkupSafe==2.1.5
2025-07-05 17:45:34,012 [INFO] Installing mdurl==0.1.2
2025-07-05 17:45:36,316 [INFO] 成功: mdurl==0.1.2
2025-07-05 17:45:36,316 [INFO] Installing netaddr==0.8.0
2025-07-05 17:45:39,549 [INFO] 成功: netaddr==0.8.0
2025-07-05 17:45:39,549 [INFO] Installing pillow==10.2.0
2025-07-05 17:45:44,920 [INFO] 成功: pillow==10.2.0
2025-07-05 17:45:44,920 [INFO] Installing Pygments==2.17.2
2025-07-05 17:45:49,931 [INFO] 成功: Pygments==2.17.2
2025-07-05 17:45:49,931 [INFO] Installing PyJWT==2.7.0
2025-07-05 17:45:53,022 [INFO] 成功: PyJWT==2.7.0
2025-07-05 17:45:53,022 [INFO] Installing pyparsing==3.1.1
2025-07-05 17:45:56,288 [INFO] 成功: pyparsing==3.1.1
2025-07-05 17:45:56,288 [INFO] Installing pyrsistent==0.20.0
2025-07-05 17:45:58,653 [INFO] 成功: pyrsistent==0.20.0
2025-07-05 17:45:58,654 [INFO] Installing pyserial==3.5
2025-07-05 17:46:01,796 [INFO] 成功: pyserial==3.5
2025-07-05 17:46:01,796 [INFO] Installing python-dateutil==2.8.2
2025-07-05 17:46:04,994 [INFO] 成功: python-dateutil==2.8.2
2025-07-05 17:46:04,994 [INFO] Installing pytz==2024.1
2025-07-05 17:46:08,692 [INFO] 成功: pytz==2024.1
2025-07-05 17:46:08,693 [INFO] Installing pyxdg==0.28
2025-07-05 17:46:11,725 [INFO] 成功: pyxdg==0.28
2025-07-05 17:46:11,726 [INFO] Installing PyYAML==6.0.1
2025-07-05 17:46:15,135 [INFO] 成功: PyYAML==6.0.1
2025-07-05 17:46:15,135 [INFO] Installing requests==2.31.0
2025-07-05 17:46:19,130 [INFO] 成功: requests==2.31.0
2025-07-05 17:46:19,130 [INFO] Installing rich==13.7.1
2025-07-05 17:46:22,951 [INFO] 成功: rich==13.7.1
2025-07-05 17:46:22,951 [INFO] Installing setuptools==68.1.2
2025-07-05 17:46:28,762 [INFO] 成功: setuptools==68.1.2
2025-07-05 17:46:28,762 [INFO] Installing six==1.16.0
2025-07-05 17:46:31,227 [INFO] 成功: six==1.16.0
2025-07-05 17:46:31,227 [INFO] Installing typing_extensions==4.10.0
2025-07-05 17:46:34,350 [INFO] 成功: typing_extensions==4.10.0
2025-07-05 17:46:34,350 [INFO] Installing urllib3==2.0.7
2025-07-05 17:46:37,846 [INFO] 成功: urllib3==2.0.7
2025-07-05 17:46:37,846 [INFO] Installing wheel==0.42.0
2025-07-05 17:46:41,136 [INFO] 成功: wheel==0.42.0
